<?xml version="1.0" encoding="UTF-8"?>
<!-- Generated by org.testng.reporters.JUnitXMLReporter -->
<testsuite ignored="0" hostname="DESKTOP-NRP6LMM" failures="0" tests="4" name="Default test" time="13.676" errors="0" timestamp="2023-02-15T15:08:07 IST">
  <testcase classname="printtexscandinavia.HeaderText" name="openUrl" time="2.104"/>
  <testcase classname="printtexscandinavia.HeaderText" name="HeadText" time="5.111"/>
  <testcase classname="printtexscandinavia.HeaderText" name="leftLogo" time="3.14"/>
  <testcase classname="printtexscandinavia.HeaderText" name="slideshowImageCount" time="3.217"/>
</testsuite> <!-- Default test -->
