<?xml version="1.0" encoding="UTF-8"?>
<testng-results ignored="0" total="4" passed="4" failed="0" skipped="0">
  <reporter-output>
  </reporter-output>
  <suite started-at="2023-02-15T15:07:53 IST" name="Default suite" finished-at="2023-02-15T15:08:07 IST" duration-ms="13676">
    <groups>
    </groups>
    <test started-at="2023-02-15T15:07:53 IST" name="Default test" finished-at="2023-02-15T15:08:07 IST" duration-ms="13676">
      <class name="printtexscandinavia.HeaderText">
        <test-method is-config="true" signature="setUp()[pri:0, instance:printtexscandinavia.HeaderText@4dbb42b7]" started-at="2023-02-15T15:07:33 IST" name="setUp" finished-at="2023-02-15T15:07:53 IST" duration-ms="20420" status="PASS">
          <reporter-output>
          </reporter-output>
        </test-method> <!-- setUp -->
        <test-method signature="openUrl()[pri:1, instance:printtexscandinavia.HeaderText@4dbb42b7]" started-at="2023-02-15T15:07:53 IST" name="openUrl" finished-at="2023-02-15T15:07:55 IST" duration-ms="2104" status="PASS">
          <reporter-output>
          </reporter-output>
        </test-method> <!-- openUrl -->
        <test-method signature="HeadText()[pri:2, instance:printtexscandinavia.HeaderText@4dbb42b7]" started-at="2023-02-15T15:07:55 IST" name="HeadText" finished-at="2023-02-15T15:08:00 IST" duration-ms="5111" status="PASS">
          <reporter-output>
          </reporter-output>
        </test-method> <!-- HeadText -->
        <test-method signature="leftLogo()[pri:3, instance:printtexscandinavia.HeaderText@4dbb42b7]" started-at="2023-02-15T15:08:00 IST" name="leftLogo" finished-at="2023-02-15T15:08:04 IST" duration-ms="3140" status="PASS">
          <reporter-output>
          </reporter-output>
        </test-method> <!-- leftLogo -->
        <test-method signature="slideshowImageCount()[pri:4, instance:printtexscandinavia.HeaderText@4dbb42b7]" started-at="2023-02-15T15:08:04 IST" name="slideshowImageCount" finished-at="2023-02-15T15:08:07 IST" duration-ms="3217" status="PASS">
          <reporter-output>
          </reporter-output>
        </test-method> <!-- slideshowImageCount -->
        <test-method is-config="true" signature="tearDown()[pri:0, instance:printtexscandinavia.HeaderText@4dbb42b7]" started-at="2023-02-15T15:08:07 IST" name="tearDown" finished-at="2023-02-15T15:08:09 IST" duration-ms="1702" status="PASS">
          <reporter-output>
          </reporter-output>
        </test-method> <!-- tearDown -->
      </class> <!-- printtexscandinavia.HeaderText -->
    </test> <!-- Default test -->
  </suite> <!-- Default suite -->
</testng-results>
